<?xml version="1.0" encoding="UTF-8"?>
<!-- Generated by org.testng.reporters.JUnitXMLReporter -->
<testsuite ignored="3" hostname="LAPTOP-DK6TK74Q" failures="0" tests="2" name="Test" time="0.119" errors="0" timestamp="12 Aug 2021 10:18:43 GMT">
  <testcase classname="com.crm.vtiger.ProductTest.CreateProductTest" name="createProductWithNameTest" time="0.025"/>
  <testcase classname="com.crm.vtiger.ProductTest.SearchProductTest" name="searchProductWithNameTest" time="0.0"/>
  <testcase classname="com.crm.vtiger.ProductTest.SearchProductTest" name="searchProductWithId" time="0.0">
    <ignored/>
  </testcase> <!-- searchProductWithId -->
  <testcase classname="com.crm.vtiger.ProductTest.CreateProductTest" name="deleteProductWithId" time="0.0">
    <ignored/>
  </testcase> <!-- deleteProductWithId -->
  <testcase classname="com.crm.vtiger.ProductTest.CreateProductTest" name="createProductWithId" time="0.0">
    <ignored/>
  </testcase> <!-- createProductWithId -->
</testsuite> <!-- Test -->
